<?xml version="1.0" encoding="UTF-8"?>
<!-- Generated by org.testng.reporters.JUnitReportReporter -->
<testsuite hostname="LTIN607614" failures="0" tests="1" name="com.urban.testfile.TestMain" time="5.253" errors="0" timestamp="2025-07-12T16:51:05 IST" skipped="0">
  <testcase classname="com.urban.testfile.TestMain" name="testInvalidLogin" time="5.253"/>
</testsuite> <!-- com.urban.testfile.TestMain -->
