<?xml version="1.0" encoding="UTF-8"?>
<!-- Generated by org.testng.reporters.JUnitReportReporter -->
<testsuite hostname="LTIN607614" failures="0" tests="1" name="com.urban.testrunner.TestRunner" time="68.895" errors="0" timestamp="2025-07-13T19:43:58 IST" skipped="0">
  <testcase classname="com.urban.testrunner.TestRunner" name="runScenario" time="68.895"/>
</testsuite> <!-- com.urban.testrunner.TestRunner -->
