<?xml version="1.0" encoding="UTF-8"?>
<!-- Generated by org.testng.reporters.JUnitReportReporter -->
<testsuite hostname="LTIN607614" failures="0" tests="1" name="com.urban.testfile.TC_002_AddtoCart" time="10.196" errors="0" timestamp="2025-07-12T17:08:14 IST" skipped="0">
  <testcase classname="com.urban.testfile.TC_002_AddtoCart" name="searchAndAddToCartTest" time="10.196"/>
</testsuite> <!-- com.urban.testfile.TC_002_AddtoCart -->
